<!DOCTYPE html>

<html>
  <head>
  <meta charset='utf-8'>
  <title>TestNG reports</title>

    <link type="text/css" href="testng-reports.css" rel="stylesheet" />
    <script type="text/javascript" src="jquery-1.7.1.min.js"></script>
    <script type="text/javascript" src="testng-reports.js"></script>
    <script type="text/javascript" src="https://www.google.com/jsapi"></script>
    <script type='text/javascript'>
      google.load('visualization', '1', {packages:['table']});
      google.setOnLoadCallback(drawTable);
      var suiteTableInitFunctions = new Array();
      var suiteTableData = new Array();
    </script>
    <!--
      <script type="text/javascript" src="jquery-ui/js/jquery-ui-1.8.16.custom.min.js"></script>
     -->
  </head>

  <body>
    <div class="top-banner-root">
      <span class="top-banner-title-font">Test results</span>
      <br/>
      <span class="top-banner-font-1">1 suite, 2 failed tests</span>
    </div> <!-- top-banner-root -->
    <div class="navigator-root">
      <div class="navigator-suite-header">
        <span>All suites</span>
        <a href="#" title="Collapse/expand all the suites" class="collapse-all-link">
          <img src="collapseall.gif" class="collapse-all-icon">
          </img> <!-- collapse-all-icon -->
        </a> <!-- collapse-all-link -->
      </div> <!-- navigator-suite-header -->
      <div class="suite">
        <div class="rounded-window">
          <div class="suite-header light-rounded-window-top">
            <a href="#" panel-name="suite-FREE_CRM_Application_Test_Automation_Test_Suite" class="navigator-link">
              <span class="suite-name border-failed">FREE CRM Application Test Automation Test Suite</span>
            </a> <!-- navigator-link -->
          </div> <!-- suite-header light-rounded-window-top -->
          <div class="navigator-suite-content">
            <div class="suite-section-title">
              <span>Info</span>
            </div> <!-- suite-section-title -->
            <div class="suite-section-content">
              <ul>
                <li>
                  <a href="#" panel-name="test-xml-FREE_CRM_Application_Test_Automation_Test_Suite" class="navigator-link ">
                    <span>C:\Users\Ashish\Documents\GitHub\AutomationDemo\FreeCRMTest\src\main\resources\testng.xml</span>
                  </a> <!-- navigator-link  -->
                </li>
                <li>
                  <a href="#" panel-name="testlist-FREE_CRM_Application_Test_Automation_Test_Suite" class="navigator-link ">
                    <span class="test-stats">1 test</span>
                  </a> <!-- navigator-link  -->
                </li>
                <li>
                  <a href="#" panel-name="group-FREE_CRM_Application_Test_Automation_Test_Suite" class="navigator-link ">
                    <span>0 groups</span>
                  </a> <!-- navigator-link  -->
                </li>
                <li>
                  <a href="#" panel-name="times-FREE_CRM_Application_Test_Automation_Test_Suite" class="navigator-link ">
                    <span>Times</span>
                  </a> <!-- navigator-link  -->
                </li>
                <li>
                  <a href="#" panel-name="reporter-FREE_CRM_Application_Test_Automation_Test_Suite" class="navigator-link ">
                    <span>Reporter output</span>
                  </a> <!-- navigator-link  -->
                </li>
                <li>
                  <a href="#" panel-name="ignored-methods-FREE_CRM_Application_Test_Automation_Test_Suite" class="navigator-link ">
                    <span>Ignored methods</span>
                  </a> <!-- navigator-link  -->
                </li>
                <li>
                  <a href="#" panel-name="chronological-FREE_CRM_Application_Test_Automation_Test_Suite" class="navigator-link ">
                    <span>Chronological view</span>
                  </a> <!-- navigator-link  -->
                </li>
              </ul>
            </div> <!-- suite-section-content -->
            <div class="result-section">
              <div class="suite-section-title">
                <span>Results</span>
              </div> <!-- suite-section-title -->
              <div class="suite-section-content">
                <ul>
                  <li>
                    <span class="method-stats">12 methods, 2 failed,   10 passed</span>
                  </li>
                  <li>
                    <span class="method-list-title failed">Failed methods</span>
                    <span class="show-or-hide-methods failed">
                      <a href="#" panel-name="suite-FREE_CRM_Application_Test_Automation_Test_Suite" class="hide-methods failed suite-FREE_CRM_Application_Test_Automation_Test_Suite"> (hide)</a> <!-- hide-methods failed suite-FREE_CRM_Application_Test_Automation_Test_Suite -->
                      <a href="#" panel-name="suite-FREE_CRM_Application_Test_Automation_Test_Suite" class="show-methods failed suite-FREE_CRM_Application_Test_Automation_Test_Suite"> (show)</a> <!-- show-methods failed suite-FREE_CRM_Application_Test_Automation_Test_Suite -->
                    </span>
                    <div class="method-list-content failed suite-FREE_CRM_Application_Test_Automation_Test_Suite">
                      <span>
                        <img src="failed.png" width="3%"/>
                        <a href="#" panel-name="suite-FREE_CRM_Application_Test_Automation_Test_Suite" title="com.crm.qa.testcases.ContactsPageTest" class="method navigator-link" hash-for-method="selectMultipleContactsTest">selectMultipleContactsTest</a> <!-- method navigator-link -->
                      </span>
                      <br/>
                      <span>
                        <img src="failed.png" width="3%"/>
                        <a href="#" panel-name="suite-FREE_CRM_Application_Test_Automation_Test_Suite" title="com.crm.qa.testcases.ContactsPageTest" class="method navigator-link" hash-for-method="selectSingleContactsTest">selectSingleContactsTest</a> <!-- method navigator-link -->
                      </span>
                      <br/>
                    </div> <!-- method-list-content failed suite-FREE_CRM_Application_Test_Automation_Test_Suite -->
                  </li>
                  <li>
                    <span class="method-list-title passed">Passed methods</span>
                    <span class="show-or-hide-methods passed">
                      <a href="#" panel-name="suite-FREE_CRM_Application_Test_Automation_Test_Suite" class="hide-methods passed suite-FREE_CRM_Application_Test_Automation_Test_Suite"> (hide)</a> <!-- hide-methods passed suite-FREE_CRM_Application_Test_Automation_Test_Suite -->
                      <a href="#" panel-name="suite-FREE_CRM_Application_Test_Automation_Test_Suite" class="show-methods passed suite-FREE_CRM_Application_Test_Automation_Test_Suite"> (show)</a> <!-- show-methods passed suite-FREE_CRM_Application_Test_Automation_Test_Suite -->
                    </span>
                    <div class="method-list-content passed suite-FREE_CRM_Application_Test_Automation_Test_Suite">
                      <span>
                        <img src="passed.png" width="3%"/>
                        <a href="#" panel-name="suite-FREE_CRM_Application_Test_Automation_Test_Suite" title="com.crm.qa.testcases.LoginPageTest" class="method navigator-link" hash-for-method="crmLogoImageTest">crmLogoImageTest</a> <!-- method navigator-link -->
                      </span>
                      <br/>
                      <span>
                        <img src="passed.png" width="3%"/>
                        <a href="#" panel-name="suite-FREE_CRM_Application_Test_Automation_Test_Suite" title="com.crm.qa.testcases.LoginPageTest" class="method navigator-link" hash-for-method="loginPageTitleTest">loginPageTitleTest</a> <!-- method navigator-link -->
                      </span>
                      <br/>
                      <span>
                        <img src="passed.png" width="3%"/>
                        <a href="#" panel-name="suite-FREE_CRM_Application_Test_Automation_Test_Suite" title="com.crm.qa.testcases.LoginPageTest" class="method navigator-link" hash-for-method="loginTest">loginTest</a> <!-- method navigator-link -->
                      </span>
                      <br/>
                      <span>
                        <img src="passed.png" width="3%"/>
                        <a href="#" panel-name="suite-FREE_CRM_Application_Test_Automation_Test_Suite" title="com.crm.qa.testcases.ContactsPageTest" class="method navigator-link" hash-for-method="validateCreateNewContact(David, Cris, Amazon)">validateCreateNewContact(David, Cris, Amazon)</a> <!-- method navigator-link -->
                      </span>
                      <br/>
                      <span>
                        <img src="passed.png" width="3%"/>
                        <a href="#" panel-name="suite-FREE_CRM_Application_Test_Automation_Test_Suite" title="com.crm.qa.testcases.ContactsPageTest" class="method navigator-link" hash-for-method="validateCreateNewContact(Mukta, Sharma, Ebay)">validateCreateNewContact(Mukta, Sharma, Ebay)</a> <!-- method navigator-link -->
                      </span>
                      <br/>
                      <span>
                        <img src="passed.png" width="3%"/>
                        <a href="#" panel-name="suite-FREE_CRM_Application_Test_Automation_Test_Suite" title="com.crm.qa.testcases.ContactsPageTest" class="method navigator-link" hash-for-method="validateCreateNewContact(Tom, Peter, Google)">validateCreateNewContact(Tom, Peter, Google)</a> <!-- method navigator-link -->
                      </span>
                      <br/>
                      <span>
                        <img src="passed.png" width="3%"/>
                        <a href="#" panel-name="suite-FREE_CRM_Application_Test_Automation_Test_Suite" title="com.crm.qa.testcases.HomePageTest" class="method navigator-link" hash-for-method="verifyContactsLinkTest">verifyContactsLinkTest</a> <!-- method navigator-link -->
                      </span>
                      <br/>
                      <span>
                        <img src="passed.png" width="3%"/>
                        <a href="#" panel-name="suite-FREE_CRM_Application_Test_Automation_Test_Suite" title="com.crm.qa.testcases.ContactsPageTest" class="method navigator-link" hash-for-method="verifyContactsPageLabel">verifyContactsPageLabel</a> <!-- method navigator-link -->
                      </span>
                      <br/>
                      <span>
                        <img src="passed.png" width="3%"/>
                        <a href="#" panel-name="suite-FREE_CRM_Application_Test_Automation_Test_Suite" title="com.crm.qa.testcases.HomePageTest" class="method navigator-link" hash-for-method="verifyHomePageTitleTest">verifyHomePageTitleTest</a> <!-- method navigator-link -->
                      </span>
                      <br/>
                      <span>
                        <img src="passed.png" width="3%"/>
                        <a href="#" panel-name="suite-FREE_CRM_Application_Test_Automation_Test_Suite" title="com.crm.qa.testcases.HomePageTest" class="method navigator-link" hash-for-method="verifyUserNameTest">verifyUserNameTest</a> <!-- method navigator-link -->
                      </span>
                      <br/>
                    </div> <!-- method-list-content passed suite-FREE_CRM_Application_Test_Automation_Test_Suite -->
                  </li>
                </ul>
              </div> <!-- suite-section-content -->
            </div> <!-- result-section -->
          </div> <!-- navigator-suite-content -->
        </div> <!-- rounded-window -->
      </div> <!-- suite -->
    </div> <!-- navigator-root -->
    <div class="wrapper">
      <div class="main-panel-root">
        <div panel-name="suite-FREE_CRM_Application_Test_Automation_Test_Suite" class="panel FREE_CRM_Application_Test_Automation_Test_Suite">
          <div class="suite-FREE_CRM_Application_Test_Automation_Test_Suite-class-failed">
            <div class="main-panel-header rounded-window-top">
              <img src="failed.png"/>
              <span class="class-name">com.crm.qa.testcases.ContactsPageTest</span>
            </div> <!-- main-panel-header rounded-window-top -->
            <div class="main-panel-content rounded-window-bottom">
              <div class="method">
                <div class="method-content">
                  <a name="selectMultipleContactsTest">
                  </a> <!-- selectMultipleContactsTest -->
                  <span class="method-name">selectMultipleContactsTest</span>
                  <div class="stack-trace">org.openqa.selenium.NoSuchElementException: no such element: Unable to locate element: {&quot;method&quot;:&quot;xpath&quot;,&quot;selector&quot;:&quot;//td[contains(text(),&apos;Test2 Test2&apos;)]&quot;}
  (Session info: chrome=87.0.4280.66)
For documentation on this error, please visit: http://seleniumhq.org/exceptions/no_such_element.html
Build info: version: &apos;3.14.0&apos;, revision: &apos;aacccce0&apos;, time: &apos;2018-08-02T20:19:58.91Z&apos;
System info: host: &apos;LAPTOP-DHSP47N1&apos;, ip: &apos;192.168.1.3&apos;, os.name: &apos;Windows 10&apos;, os.arch: &apos;amd64&apos;, os.version: &apos;10.0&apos;, java.version: &apos;15.0.1&apos;
Driver info: org.openqa.selenium.chrome.ChromeDriver
Capabilities {acceptInsecureCerts: false, browserName: chrome, browserVersion: 87.0.4280.66, chrome: {chromedriverVersion: 87.0.4280.20 (c99e81631faa0..., userDataDir: C:\Users\Ashish\AppData\Loc...}, goog:chromeOptions: {debuggerAddress: localhost:60947}, javascriptEnabled: true, networkConnectionEnabled: false, pageLoadStrategy: normal, platform: WINDOWS, platformName: WINDOWS, proxy: Proxy(), setWindowRect: true, strictFileInteractability: false, timeouts: {implicit: 0, pageLoad: 300000, script: 30000}, unhandledPromptBehavior: dismiss and notify, webauthn:virtualAuthenticators: true}
Session ID: 8ca10db451632b8b08a85a1a4a6b625b
*** Element info: {Using=xpath, value=//td[contains(text(),&apos;Test2 Test2&apos;)]}
	at org.openqa.selenium.remote.http.W3CHttpResponseCodec.createException(W3CHttpResponseCodec.java:187)
	at org.openqa.selenium.remote.http.W3CHttpResponseCodec.decode(W3CHttpResponseCodec.java:122)
	at org.openqa.selenium.remote.http.W3CHttpResponseCodec.decode(W3CHttpResponseCodec.java:49)
	at org.openqa.selenium.remote.HttpCommandExecutor.execute(HttpCommandExecutor.java:158)
	at org.openqa.selenium.remote.service.DriverCommandExecutor.execute(DriverCommandExecutor.java:83)
	at org.openqa.selenium.remote.RemoteWebDriver.execute(RemoteWebDriver.java:548)
	at org.openqa.selenium.remote.RemoteWebDriver.findElement(RemoteWebDriver.java:322)
	at org.openqa.selenium.remote.RemoteWebDriver.findElementByXPath(RemoteWebDriver.java:424)
	at org.openqa.selenium.By$ByXPath.findElement(By.java:353)
	at org.openqa.selenium.remote.RemoteWebDriver.findElement(RemoteWebDriver.java:314)
	at org.openqa.selenium.support.events.EventFiringWebDriver.lambda$new$1(EventFiringWebDriver.java:105)
	at com.sun.proxy.$Proxy11.findElement(Unknown Source)
	at org.openqa.selenium.support.events.EventFiringWebDriver.findElement(EventFiringWebDriver.java:194)
	at com.crm.qa.pages.ContactsPage.selectContactsByName(ContactsPage.java:44)
	at com.crm.qa.testcases.ContactsPageTest.selectMultipleContactsTest(ContactsPageTest.java:67)
... Removed 33 stack frames
</div> <!-- stack-trace -->
                </div> <!-- method-content -->
              </div> <!-- method -->
              <div class="method">
                <div class="method-content">
                  <a name="selectSingleContactsTest">
                  </a> <!-- selectSingleContactsTest -->
                  <span class="method-name">selectSingleContactsTest</span>
                  <div class="stack-trace">org.openqa.selenium.NoSuchElementException: no such element: Unable to locate element: {&quot;method&quot;:&quot;xpath&quot;,&quot;selector&quot;:&quot;//td[contains(text(),&apos;Test2 Test2&apos;)]&quot;}
  (Session info: chrome=87.0.4280.66)
For documentation on this error, please visit: http://seleniumhq.org/exceptions/no_such_element.html
Build info: version: &apos;3.14.0&apos;, revision: &apos;aacccce0&apos;, time: &apos;2018-08-02T20:19:58.91Z&apos;
System info: host: &apos;LAPTOP-DHSP47N1&apos;, ip: &apos;192.168.1.3&apos;, os.name: &apos;Windows 10&apos;, os.arch: &apos;amd64&apos;, os.version: &apos;10.0&apos;, java.version: &apos;15.0.1&apos;
Driver info: org.openqa.selenium.chrome.ChromeDriver
Capabilities {acceptInsecureCerts: false, browserName: chrome, browserVersion: 87.0.4280.66, chrome: {chromedriverVersion: 87.0.4280.20 (c99e81631faa0..., userDataDir: C:\Users\Ashish\AppData\Loc...}, goog:chromeOptions: {debuggerAddress: localhost:60783}, javascriptEnabled: true, networkConnectionEnabled: false, pageLoadStrategy: normal, platform: WINDOWS, platformName: WINDOWS, proxy: Proxy(), setWindowRect: true, strictFileInteractability: false, timeouts: {implicit: 0, pageLoad: 300000, script: 30000}, unhandledPromptBehavior: dismiss and notify, webauthn:virtualAuthenticators: true}
Session ID: 5fa605610406932d4ba793a9daf8feef
*** Element info: {Using=xpath, value=//td[contains(text(),&apos;Test2 Test2&apos;)]}
	at org.openqa.selenium.remote.http.W3CHttpResponseCodec.createException(W3CHttpResponseCodec.java:187)
	at org.openqa.selenium.remote.http.W3CHttpResponseCodec.decode(W3CHttpResponseCodec.java:122)
	at org.openqa.selenium.remote.http.W3CHttpResponseCodec.decode(W3CHttpResponseCodec.java:49)
	at org.openqa.selenium.remote.HttpCommandExecutor.execute(HttpCommandExecutor.java:158)
	at org.openqa.selenium.remote.service.DriverCommandExecutor.execute(DriverCommandExecutor.java:83)
	at org.openqa.selenium.remote.RemoteWebDriver.execute(RemoteWebDriver.java:548)
	at org.openqa.selenium.remote.RemoteWebDriver.findElement(RemoteWebDriver.java:322)
	at org.openqa.selenium.remote.RemoteWebDriver.findElementByXPath(RemoteWebDriver.java:424)
	at org.openqa.selenium.By$ByXPath.findElement(By.java:353)
	at org.openqa.selenium.remote.RemoteWebDriver.findElement(RemoteWebDriver.java:314)
	at org.openqa.selenium.support.events.EventFiringWebDriver.lambda$new$1(EventFiringWebDriver.java:105)
	at com.sun.proxy.$Proxy11.findElement(Unknown Source)
	at org.openqa.selenium.support.events.EventFiringWebDriver.findElement(EventFiringWebDriver.java:194)
	at com.crm.qa.pages.ContactsPage.selectContactsByName(ContactsPage.java:44)
	at com.crm.qa.testcases.ContactsPageTest.selectSingleContactsTest(ContactsPageTest.java:62)
... Removed 33 stack frames
</div> <!-- stack-trace -->
                </div> <!-- method-content -->
              </div> <!-- method -->
            </div> <!-- main-panel-content rounded-window-bottom -->
          </div> <!-- suite-FREE_CRM_Application_Test_Automation_Test_Suite-class-failed -->
          <div class="suite-FREE_CRM_Application_Test_Automation_Test_Suite-class-passed">
            <div class="main-panel-header rounded-window-top">
              <img src="passed.png"/>
              <span class="class-name">com.crm.qa.testcases.HomePageTest</span>
            </div> <!-- main-panel-header rounded-window-top -->
            <div class="main-panel-content rounded-window-bottom">
              <div class="method">
                <div class="method-content">
                  <a name="verifyContactsLinkTest">
                  </a> <!-- verifyContactsLinkTest -->
                  <span class="method-name">verifyContactsLinkTest</span>
                </div> <!-- method-content -->
              </div> <!-- method -->
              <div class="method">
                <div class="method-content">
                  <a name="verifyHomePageTitleTest">
                  </a> <!-- verifyHomePageTitleTest -->
                  <span class="method-name">verifyHomePageTitleTest</span>
                </div> <!-- method-content -->
              </div> <!-- method -->
              <div class="method">
                <div class="method-content">
                  <a name="verifyUserNameTest">
                  </a> <!-- verifyUserNameTest -->
                  <span class="method-name">verifyUserNameTest</span>
                </div> <!-- method-content -->
              </div> <!-- method -->
            </div> <!-- main-panel-content rounded-window-bottom -->
          </div> <!-- suite-FREE_CRM_Application_Test_Automation_Test_Suite-class-passed -->
          <div class="suite-FREE_CRM_Application_Test_Automation_Test_Suite-class-passed">
            <div class="main-panel-header rounded-window-top">
              <img src="passed.png"/>
              <span class="class-name">com.crm.qa.testcases.ContactsPageTest</span>
            </div> <!-- main-panel-header rounded-window-top -->
            <div class="main-panel-content rounded-window-bottom">
              <div class="method">
                <div class="method-content">
                  <a name="validateCreateNewContact(David, Cris, Amazon)">
                  </a> <!-- validateCreateNewContact(David, Cris, Amazon) -->
                  <span class="method-name">validateCreateNewContact</span>
                  <span class="parameters">(David, Cris, Amazon)</span>
                </div> <!-- method-content -->
              </div> <!-- method -->
              <div class="method">
                <div class="method-content">
                  <a name="validateCreateNewContact(Mukta, Sharma, Ebay)">
                  </a> <!-- validateCreateNewContact(Mukta, Sharma, Ebay) -->
                  <span class="method-name">validateCreateNewContact</span>
                  <span class="parameters">(Mukta, Sharma, Ebay)</span>
                </div> <!-- method-content -->
              </div> <!-- method -->
              <div class="method">
                <div class="method-content">
                  <a name="validateCreateNewContact(Tom, Peter, Google)">
                  </a> <!-- validateCreateNewContact(Tom, Peter, Google) -->
                  <span class="method-name">validateCreateNewContact</span>
                  <span class="parameters">(Tom, Peter, Google)</span>
                </div> <!-- method-content -->
              </div> <!-- method -->
              <div class="method">
                <div class="method-content">
                  <a name="verifyContactsPageLabel">
                  </a> <!-- verifyContactsPageLabel -->
                  <span class="method-name">verifyContactsPageLabel</span>
                </div> <!-- method-content -->
              </div> <!-- method -->
            </div> <!-- main-panel-content rounded-window-bottom -->
          </div> <!-- suite-FREE_CRM_Application_Test_Automation_Test_Suite-class-passed -->
          <div class="suite-FREE_CRM_Application_Test_Automation_Test_Suite-class-passed">
            <div class="main-panel-header rounded-window-top">
              <img src="passed.png"/>
              <span class="class-name">com.crm.qa.testcases.LoginPageTest</span>
            </div> <!-- main-panel-header rounded-window-top -->
            <div class="main-panel-content rounded-window-bottom">
              <div class="method">
                <div class="method-content">
                  <a name="crmLogoImageTest">
                  </a> <!-- crmLogoImageTest -->
                  <span class="method-name">crmLogoImageTest</span>
                </div> <!-- method-content -->
              </div> <!-- method -->
              <div class="method">
                <div class="method-content">
                  <a name="loginPageTitleTest">
                  </a> <!-- loginPageTitleTest -->
                  <span class="method-name">loginPageTitleTest</span>
                </div> <!-- method-content -->
              </div> <!-- method -->
              <div class="method">
                <div class="method-content">
                  <a name="loginTest">
                  </a> <!-- loginTest -->
                  <span class="method-name">loginTest</span>
                </div> <!-- method-content -->
              </div> <!-- method -->
            </div> <!-- main-panel-content rounded-window-bottom -->
          </div> <!-- suite-FREE_CRM_Application_Test_Automation_Test_Suite-class-passed -->
        </div> <!-- panel FREE_CRM_Application_Test_Automation_Test_Suite -->
        <div panel-name="test-xml-FREE_CRM_Application_Test_Automation_Test_Suite" class="panel">
          <div class="main-panel-header rounded-window-top">
            <span class="header-content">C:\Users\Ashish\Documents\GitHub\AutomationDemo\FreeCRMTest\src\main\resources\testng.xml</span>
          </div> <!-- main-panel-header rounded-window-top -->
          <div class="main-panel-content rounded-window-bottom">
            <pre>
&lt;?xml version=&quot;1.0&quot; encoding=&quot;UTF-8&quot;?&gt;
&lt;!DOCTYPE suite SYSTEM &quot;http://testng.org/testng-1.0.dtd&quot;&gt;
&lt;suite name=&quot;FREE CRM Application Test Automation Test Suite&quot; guice-stage=&quot;DEVELOPMENT&quot;&gt;
  &lt;listeners&gt;
    &lt;listener class-name=&quot;com.qa.ExtentReportListener.ExtentReporterNG&quot;/&gt;
  &lt;/listeners&gt;
  &lt;test name=&quot;Free CRM App Test Cases&quot;&gt;
    &lt;classes&gt;
      &lt;class name=&quot;com.crm.qa.testcases.LoginPageTest&quot;/&gt;
      &lt;class name=&quot;com.crm.qa.testcases.HomePageTest&quot;/&gt;
      &lt;class name=&quot;com.crm.qa.testcases.ContactsPageTest&quot;/&gt;
    &lt;/classes&gt;
  &lt;/test&gt; &lt;!-- Free CRM App Test Cases --&gt;
&lt;/suite&gt; &lt;!-- FREE CRM Application Test Automation Test Suite --&gt;
            </pre>
          </div> <!-- main-panel-content rounded-window-bottom -->
        </div> <!-- panel -->
        <div panel-name="testlist-FREE_CRM_Application_Test_Automation_Test_Suite" class="panel">
          <div class="main-panel-header rounded-window-top">
            <span class="header-content">Tests for FREE CRM Application Test Automation Test Suite</span>
          </div> <!-- main-panel-header rounded-window-top -->
          <div class="main-panel-content rounded-window-bottom">
            <ul>
              <li>
                <span class="test-name">Free CRM App Test Cases (3 classes)</span>
              </li>
            </ul>
          </div> <!-- main-panel-content rounded-window-bottom -->
        </div> <!-- panel -->
        <div panel-name="group-FREE_CRM_Application_Test_Automation_Test_Suite" class="panel">
          <div class="main-panel-header rounded-window-top">
            <span class="header-content">Groups for FREE CRM Application Test Automation Test Suite</span>
          </div> <!-- main-panel-header rounded-window-top -->
          <div class="main-panel-content rounded-window-bottom">
          </div> <!-- main-panel-content rounded-window-bottom -->
        </div> <!-- panel -->
        <div panel-name="times-FREE_CRM_Application_Test_Automation_Test_Suite" class="panel">
          <div class="main-panel-header rounded-window-top">
            <span class="header-content">Times for FREE CRM Application Test Automation Test Suite</span>
          </div> <!-- main-panel-header rounded-window-top -->
          <div class="main-panel-content rounded-window-bottom">
            <div class="times-div">
              <script type="text/javascript">
suiteTableInitFunctions.push('tableData_FREE_CRM_Application_Test_Automation_Test_Suite');
function tableData_FREE_CRM_Application_Test_Automation_Test_Suite() {
var data = new google.visualization.DataTable();
data.addColumn('number', 'Number');
data.addColumn('string', 'Method');
data.addColumn('string', 'Class');
data.addColumn('number', 'Time (ms)');
data.addRows(12);
data.setCell(0, 0, 0)
data.setCell(0, 1, 'selectSingleContactsTest')
data.setCell(0, 2, 'com.crm.qa.testcases.ContactsPageTest')
data.setCell(0, 3, 20487);
data.setCell(1, 0, 1)
data.setCell(1, 1, 'selectMultipleContactsTest')
data.setCell(1, 2, 'com.crm.qa.testcases.ContactsPageTest')
data.setCell(1, 3, 20406);
data.setCell(2, 0, 2)
data.setCell(2, 1, 'loginTest')
data.setCell(2, 2, 'com.crm.qa.testcases.LoginPageTest')
data.setCell(2, 3, 9841);
data.setCell(3, 0, 3)
data.setCell(3, 1, 'validateCreateNewContact')
data.setCell(3, 2, 'com.crm.qa.testcases.ContactsPageTest')
data.setCell(3, 3, 5363);
data.setCell(4, 0, 4)
data.setCell(4, 1, 'validateCreateNewContact')
data.setCell(4, 2, 'com.crm.qa.testcases.ContactsPageTest')
data.setCell(4, 3, 4951);
data.setCell(5, 0, 5)
data.setCell(5, 1, 'validateCreateNewContact')
data.setCell(5, 2, 'com.crm.qa.testcases.ContactsPageTest')
data.setCell(5, 3, 4887);
data.setCell(6, 0, 6)
data.setCell(6, 1, 'crmLogoImageTest')
data.setCell(6, 2, 'com.crm.qa.testcases.LoginPageTest')
data.setCell(6, 3, 283);
data.setCell(7, 0, 7)
data.setCell(7, 1, 'loginPageTitleTest')
data.setCell(7, 2, 'com.crm.qa.testcases.LoginPageTest')
data.setCell(7, 3, 217);
data.setCell(8, 0, 8)
data.setCell(8, 1, 'verifyContactsLinkTest')
data.setCell(8, 2, 'com.crm.qa.testcases.HomePageTest')
data.setCell(8, 3, 133);
data.setCell(9, 0, 9)
data.setCell(9, 1, 'verifyContactsPageLabel')
data.setCell(9, 2, 'com.crm.qa.testcases.ContactsPageTest')
data.setCell(9, 3, 124);
data.setCell(10, 0, 10)
data.setCell(10, 1, 'verifyUserNameTest')
data.setCell(10, 2, 'com.crm.qa.testcases.HomePageTest')
data.setCell(10, 3, 52);
data.setCell(11, 0, 11)
data.setCell(11, 1, 'verifyHomePageTitleTest')
data.setCell(11, 2, 'com.crm.qa.testcases.HomePageTest')
data.setCell(11, 3, 11);
window.suiteTableData['FREE_CRM_Application_Test_Automation_Test_Suite']= { tableData: data, tableDiv: 'times-div-FREE_CRM_Application_Test_Automation_Test_Suite'}
return data;
}
              </script>
              <span class="suite-total-time">Total running time: 1 minutes</span>
              <div id="times-div-FREE_CRM_Application_Test_Automation_Test_Suite">
              </div> <!-- times-div-FREE_CRM_Application_Test_Automation_Test_Suite -->
            </div> <!-- times-div -->
          </div> <!-- main-panel-content rounded-window-bottom -->
        </div> <!-- panel -->
        <div panel-name="reporter-FREE_CRM_Application_Test_Automation_Test_Suite" class="panel">
          <div class="main-panel-header rounded-window-top">
            <span class="header-content">Reporter output for FREE CRM Application Test Automation Test Suite</span>
          </div> <!-- main-panel-header rounded-window-top -->
          <div class="main-panel-content rounded-window-bottom">
          </div> <!-- main-panel-content rounded-window-bottom -->
        </div> <!-- panel -->
        <div panel-name="ignored-methods-FREE_CRM_Application_Test_Automation_Test_Suite" class="panel">
          <div class="main-panel-header rounded-window-top">
            <span class="header-content">0 ignored methods</span>
          </div> <!-- main-panel-header rounded-window-top -->
          <div class="main-panel-content rounded-window-bottom">
          </div> <!-- main-panel-content rounded-window-bottom -->
        </div> <!-- panel -->
        <div panel-name="chronological-FREE_CRM_Application_Test_Automation_Test_Suite" class="panel">
          <div class="main-panel-header rounded-window-top">
            <span class="header-content">Methods in chronological order</span>
          </div> <!-- main-panel-header rounded-window-top -->
          <div class="main-panel-content rounded-window-bottom">
            <div class="chronological-class">
              <div class="chronological-class-name">com.crm.qa.testcases.LoginPageTest</div> <!-- chronological-class-name -->
              <div class="configuration-method before">
                <span class="method-name">setUp</span>
                <span class="method-start">0 ms</span>
              </div> <!-- configuration-method before -->
              <div class="test-method">
                <span class="method-name">loginPageTitleTest</span>
                <span class="method-start">11148 ms</span>
              </div> <!-- test-method -->
              <div class="configuration-method after">
                <span class="method-name">tearDown</span>
                <span class="method-start">11369 ms</span>
              </div> <!-- configuration-method after -->
            </div> <!-- chronological-class -->
            <div class="chronological-class">
              <div class="chronological-class-name">com.crm.qa.testcases.HomePageTest</div> <!-- chronological-class-name -->
              <div class="configuration-method before">
                <span class="method-name">setUp</span>
                <span class="method-start">15116 ms</span>
              </div> <!-- configuration-method before -->
              <div class="test-method">
                <span class="method-name">verifyHomePageTitleTest</span>
                <span class="method-start">33098 ms</span>
              </div> <!-- test-method -->
              <div class="configuration-method after">
                <span class="method-name">tearDown</span>
                <span class="method-start">33109 ms</span>
              </div> <!-- configuration-method after -->
            </div> <!-- chronological-class -->
            <div class="chronological-class">
              <div class="chronological-class-name">com.crm.qa.testcases.ContactsPageTest</div> <!-- chronological-class-name -->
              <div class="configuration-method before">
                <span class="method-name">setUp</span>
                <span class="method-start">36854 ms</span>
              </div> <!-- configuration-method before -->
              <div class="test-method">
                <span class="method-name">verifyContactsPageLabel</span>
                <span class="method-start">72591 ms</span>
              </div> <!-- test-method -->
              <div class="configuration-method after">
                <span class="method-name">tearDown</span>
                <span class="method-start">72717 ms</span>
              </div> <!-- configuration-method after -->
            </div> <!-- chronological-class -->
            <div class="chronological-class">
              <div class="chronological-class-name">com.crm.qa.testcases.LoginPageTest</div> <!-- chronological-class-name -->
              <div class="configuration-method before">
                <span class="method-name">setUp</span>
                <span class="method-start">73478 ms</span>
              </div> <!-- configuration-method before -->
              <div class="test-method">
                <span class="method-name">crmLogoImageTest</span>
                <span class="method-start">82025 ms</span>
              </div> <!-- test-method -->
              <div class="configuration-method after">
                <span class="method-name">tearDown</span>
                <span class="method-start">82309 ms</span>
              </div> <!-- configuration-method after -->
            </div> <!-- chronological-class -->
            <div class="chronological-class">
              <div class="chronological-class-name">com.crm.qa.testcases.HomePageTest</div> <!-- chronological-class-name -->
              <div class="configuration-method before">
                <span class="method-name">setUp</span>
                <span class="method-start">86161 ms</span>
              </div> <!-- configuration-method before -->
              <div class="test-method">
                <span class="method-name">verifyUserNameTest</span>
                <span class="method-start">103691 ms</span>
              </div> <!-- test-method -->
              <div class="configuration-method after">
                <span class="method-name">tearDown</span>
                <span class="method-start">103743 ms</span>
              </div> <!-- configuration-method after -->
            </div> <!-- chronological-class -->
            <div class="chronological-class">
              <div class="chronological-class-name">com.crm.qa.testcases.ContactsPageTest</div> <!-- chronological-class-name -->
              <div class="configuration-method before">
                <span class="method-name">setUp</span>
                <span class="method-start">107451 ms</span>
              </div> <!-- configuration-method before -->
              <div class="test-method">
                <img src="failed.png">
                </img>
                <span class="method-name">selectSingleContactsTest</span>
                <span class="method-start">126289 ms</span>
              </div> <!-- test-method -->
              <div class="configuration-method after">
                <span class="method-name">tearDown</span>
                <span class="method-start">146780 ms</span>
              </div> <!-- configuration-method after -->
            </div> <!-- chronological-class -->
            <div class="chronological-class">
              <div class="chronological-class-name">com.crm.qa.testcases.LoginPageTest</div> <!-- chronological-class-name -->
              <div class="configuration-method before">
                <span class="method-name">setUp</span>
                <span class="method-start">147519 ms</span>
              </div> <!-- configuration-method before -->
              <div class="test-method">
                <span class="method-name">loginTest</span>
                <span class="method-start">156044 ms</span>
              </div> <!-- test-method -->
              <div class="configuration-method after">
                <span class="method-name">tearDown</span>
                <span class="method-start">165887 ms</span>
              </div> <!-- configuration-method after -->
            </div> <!-- chronological-class -->
            <div class="chronological-class">
              <div class="chronological-class-name">com.crm.qa.testcases.HomePageTest</div> <!-- chronological-class-name -->
              <div class="configuration-method before">
                <span class="method-name">setUp</span>
                <span class="method-start">169603 ms</span>
              </div> <!-- configuration-method before -->
              <div class="test-method">
                <span class="method-name">verifyContactsLinkTest</span>
                <span class="method-start">186529 ms</span>
              </div> <!-- test-method -->
              <div class="configuration-method after">
                <span class="method-name">tearDown</span>
                <span class="method-start">186665 ms</span>
              </div> <!-- configuration-method after -->
            </div> <!-- chronological-class -->
            <div class="chronological-class">
              <div class="chronological-class-name">com.crm.qa.testcases.ContactsPageTest</div> <!-- chronological-class-name -->
              <div class="configuration-method before">
                <span class="method-name">setUp</span>
                <span class="method-start">190391 ms</span>
              </div> <!-- configuration-method before -->
              <div class="test-method">
                <img src="failed.png">
                </img>
                <span class="method-name">selectMultipleContactsTest</span>
                <span class="method-start">207416 ms</span>
              </div> <!-- test-method -->
              <div class="configuration-method after">
                <span class="method-name">tearDown</span>
                <span class="method-start">227823 ms</span>
              </div> <!-- configuration-method after -->
              <div class="configuration-method before">
                <span class="method-name">setUp</span>
                <span class="method-start">229878 ms</span>
              </div> <!-- configuration-method before -->
              <div class="test-method">
                <span class="method-name">validateCreateNewContact(Tom, Peter, Google)</span>
                <span class="method-start">248641 ms</span>
              </div> <!-- test-method -->
              <div class="configuration-method after">
                <span class="method-name">tearDown</span>
                <span class="method-start">253529 ms</span>
              </div> <!-- configuration-method after -->
              <div class="configuration-method before">
                <span class="method-name">setUp</span>
                <span class="method-start">254232 ms</span>
              </div> <!-- configuration-method before -->
              <div class="test-method">
                <span class="method-name">validateCreateNewContact(David, Cris, Amazon)</span>
                <span class="method-start">272409 ms</span>
              </div> <!-- test-method -->
              <div class="configuration-method after">
                <span class="method-name">tearDown</span>
                <span class="method-start">277773 ms</span>
              </div> <!-- configuration-method after -->
              <div class="configuration-method before">
                <span class="method-name">setUp</span>
                <span class="method-start">278523 ms</span>
              </div> <!-- configuration-method before -->
              <div class="test-method">
                <span class="method-name">validateCreateNewContact(Mukta, Sharma, Ebay)</span>
                <span class="method-start">294927 ms</span>
              </div> <!-- test-method -->
              <div class="configuration-method after">
                <span class="method-name">tearDown</span>
                <span class="method-start">299879 ms</span>
              </div> <!-- configuration-method after -->
          </div> <!-- main-panel-content rounded-window-bottom -->
        </div> <!-- panel -->
      </div> <!-- main-panel-root -->
    </div> <!-- wrapper -->
  </body>
</html>
